INFO:logger:
---------------------------------------------------------------
API v1.1 online: http://localhost:8080/dbproj/


INFO:werkzeug:[31m[1mWARNING: This is a development server. Do not use it in a production deployment. Use a production WSGI server instead.[0m
 * Running on all addresses (0.0.0.0)
 * Running on http://127.0.0.1:5000
 * Running on http://192.168.1.69:5000
INFO:werkzeug:[33mPress CTRL+C to quit[0m
INFO:werkzeug: * Restarting with stat
INFO:logger:
---------------------------------------------------------------
API v1.1 online: http://localhost:8080/dbproj/


WARNING:werkzeug: * Debugger is active!
INFO:werkzeug: * Debugger PIN: 139-544-939
INFO:logger:
---------------------------------------------------------------
API v1.1 online: http://localhost:8080/dbproj/


INFO:werkzeug:[31m[1mWARNING: This is a development server. Do not use it in a production deployment. Use a production WSGI server instead.[0m
 * Running on all addresses (0.0.0.0)
 * Running on http://127.0.0.1:5000
 * Running on http://192.168.1.69:5000
INFO:werkzeug:[33mPress CTRL+C to quit[0m
INFO:werkzeug: * Restarting with stat
INFO:logger:
---------------------------------------------------------------
API v1.1 online: http://localhost:8080/dbproj/


WARNING:werkzeug: * Debugger is active!
INFO:werkzeug: * Debugger PIN: 139-544-939
INFO:werkzeug:127.0.0.1 - - [14/May/2023 17:32:14] "GET / HTTP/1.1" 200 -
INFO:werkzeug:127.0.0.1 - - [14/May/2023 17:32:14] "[33mGET /favicon.ico HTTP/1.1[0m" 404 -
INFO:werkzeug: * Detected change in 'c:\\Users\\luka3\\Desktop\\UC\\Semestre 2\\BD\\Projeto\\meta2\\bd_uc_proj\\python\\music_api.py', reloading
INFO:werkzeug: * Restarting with stat
INFO:logger:
---------------------------------------------------------------
API v1.1 online: http://localhost:8080/dbproj/


INFO:logger:
---------------------------------------------------------------
API v1.1 online: http://localhost:8080/dbproj/


INFO:werkzeug:[31m[1mWARNING: This is a development server. Do not use it in a production deployment. Use a production WSGI server instead.[0m
 * Running on all addresses (0.0.0.0)
 * Running on http://127.0.0.1:5000
 * Running on http://192.168.1.69:5000
INFO:werkzeug:[33mPress CTRL+C to quit[0m
INFO:werkzeug:127.0.0.1 - - [14/May/2023 17:33:20] "GET / HTTP/1.1" 200 -
INFO:werkzeug:127.0.0.1 - - [14/May/2023 17:33:21] "GET / HTTP/1.1" 200 -
INFO:werkzeug:127.0.0.1 - - [14/May/2023 17:34:16] "GET / HTTP/1.1" 200 -
INFO:werkzeug:127.0.0.1 - - [14/May/2023 17:34:17] "GET / HTTP/1.1" 200 -
INFO:werkzeug:127.0.0.1 - - [14/May/2023 17:34:17] "GET / HTTP/1.1" 200 -
INFO:werkzeug:127.0.0.1 - - [14/May/2023 17:34:18] "GET / HTTP/1.1" 200 -
INFO:logger:
---------------------------------------------------------------
API v1.1 online: http://localhost:8080/dbproj/


INFO:werkzeug:[31m[1mWARNING: This is a development server. Do not use it in a production deployment. Use a production WSGI server instead.[0m
 * Running on all addresses (0.0.0.0)
 * Running on http://127.0.0.1:8080
 * Running on http://192.168.1.69:8080
INFO:werkzeug:[33mPress CTRL+C to quit[0m
INFO:werkzeug:127.0.0.1 - - [14/May/2023 17:34:23] "[33mGET /dbproj/ HTTP/1.1[0m" 404 -
INFO:werkzeug:127.0.0.1 - - [14/May/2023 17:34:24] "[33mGET /favicon.ico HTTP/1.1[0m" 404 -
INFO:werkzeug:127.0.0.1 - - [14/May/2023 17:34:40] "GET / HTTP/1.1" 200 -
INFO:logger:
---------------------------------------------------------------
API v1.1 online: http://localhost:8080/


INFO:werkzeug:[31m[1mWARNING: This is a development server. Do not use it in a production deployment. Use a production WSGI server instead.[0m
 * Running on http://127.0.0.1:8080
INFO:werkzeug:[33mPress CTRL+C to quit[0m
INFO:werkzeug: * Restarting with stat
INFO:logger:
---------------------------------------------------------------
API v1.1 online: http://localhost:8080/


WARNING:werkzeug: * Debugger is active!
INFO:werkzeug: * Debugger PIN: 139-544-939
INFO:werkzeug:127.0.0.1 - - [14/May/2023 17:40:24] "GET / HTTP/1.1" 200 -
INFO:werkzeug:127.0.0.1 - - [14/May/2023 17:40:25] "GET / HTTP/1.1" 200 -
INFO:werkzeug:127.0.0.1 - - [14/May/2023 17:40:26] "GET / HTTP/1.1" 200 -
INFO:werkzeug: * Detected change in 'c:\\Users\\luka3\\Desktop\\UC\\Semestre 2\\BD\\Projeto\\meta2\\bd_uc_proj\\python\\music_api.py', reloading
INFO:werkzeug: * Restarting with stat
INFO:logger:
---------------------------------------------------------------
API v1.1 online: http://localhost:8080/


WARNING:werkzeug: * Debugger is active!
INFO:werkzeug: * Debugger PIN: 139-544-939
INFO:logger:
---------------------------------------------------------------
API v1.1 online: http://localhost:8080/


INFO:werkzeug:[31m[1mWARNING: This is a development server. Do not use it in a production deployment. Use a production WSGI server instead.[0m
 * Running on http://127.0.0.1:8080
INFO:werkzeug:[33mPress CTRL+C to quit[0m
INFO:werkzeug: * Restarting with stat
INFO:logger:
---------------------------------------------------------------
API v1.1 online: http://localhost:8080/


WARNING:werkzeug: * Debugger is active!
INFO:werkzeug: * Debugger PIN: 139-544-939
INFO:werkzeug: * Detected change in 'c:\\Users\\luka3\\Desktop\\UC\\Semestre 2\\BD\\Projeto\\meta2\\bd_uc_proj\\python\\music_api.py', reloading
INFO:werkzeug: * Restarting with stat
INFO:logger:
---------------------------------------------------------------
API v1.1 online: http://localhost:8080/


WARNING:werkzeug: * Debugger is active!
INFO:werkzeug: * Debugger PIN: 139-544-939
INFO:werkzeug: * Detected change in 'c:\\Users\\luka3\\Desktop\\UC\\Semestre 2\\BD\\Projeto\\meta2\\bd_uc_proj\\python\\music_api.py', reloading
INFO:werkzeug: * Restarting with stat
INFO:logger:
---------------------------------------------------------------
API v1.1 online: http://localhost:8080/


WARNING:werkzeug: * Debugger is active!
INFO:werkzeug: * Debugger PIN: 139-544-939
INFO:werkzeug: * Detected change in 'c:\\Users\\luka3\\Desktop\\UC\\Semestre 2\\BD\\Projeto\\meta2\\bd_uc_proj\\python\\music_api.py', reloading
INFO:werkzeug: * Restarting with stat
INFO:logger:
---------------------------------------------------------------
API v1.1 online: http://localhost:8080/


WARNING:werkzeug: * Debugger is active!
INFO:werkzeug: * Debugger PIN: 139-544-939
INFO:werkzeug: * Detected change in 'c:\\Users\\luka3\\Desktop\\UC\\Semestre 2\\BD\\Projeto\\meta2\\bd_uc_proj\\python\\music_api.py', reloading
INFO:werkzeug: * Restarting with stat
INFO:logger:
---------------------------------------------------------------
API v1.1 online: http://localhost:8080/


WARNING:werkzeug: * Debugger is active!
INFO:werkzeug: * Debugger PIN: 139-544-939
INFO:werkzeug: * Detected change in 'c:\\Users\\luka3\\Desktop\\UC\\Semestre 2\\BD\\Projeto\\meta2\\bd_uc_proj\\python\\music_api.py', reloading
INFO:werkzeug: * Restarting with stat
INFO:logger:
---------------------------------------------------------------
API v1.1 online: http://localhost:8080/


WARNING:werkzeug: * Debugger is active!
INFO:werkzeug: * Debugger PIN: 139-544-939
INFO:werkzeug: * Detected change in 'c:\\Users\\luka3\\Desktop\\UC\\Semestre 2\\BD\\Projeto\\meta2\\bd_uc_proj\\python\\music_api.py', reloading
INFO:werkzeug: * Restarting with stat
INFO:logger:
---------------------------------------------------------------
API v1.1 online: http://localhost:8080/


WARNING:werkzeug: * Debugger is active!
INFO:werkzeug: * Debugger PIN: 139-544-939
INFO:logger:POST /dbproj/user
INFO:werkzeug:127.0.0.1 - - [14/May/2023 20:38:47] "[31m[1mPOST /dbproj/user HTTP/1.1[0m" 415 -
INFO:werkzeug: * Detected change in 'c:\\Users\\luka3\\Desktop\\UC\\Semestre 2\\BD\\Projeto\\meta2\\bd_uc_proj\\python\\music_api.py', reloading
INFO:werkzeug: * Restarting with stat
INFO:logger:
---------------------------------------------------------------
API v1.1 online: http://localhost:8080/


WARNING:werkzeug: * Debugger is active!
INFO:werkzeug: * Debugger PIN: 139-544-939
INFO:logger:POST /dbproj/user
INFO:werkzeug:127.0.0.1 - - [14/May/2023 20:40:36] "[31m[1mPOST /dbproj/user HTTP/1.1[0m" 415 -
INFO:logger:POST /dbproj/user
INFO:werkzeug:127.0.0.1 - - [14/May/2023 20:40:56] "[35m[1mPOST /dbproj/user HTTP/1.1[0m" 500 -
INFO:werkzeug: * Detected change in 'c:\\Users\\luka3\\Desktop\\UC\\Semestre 2\\BD\\Projeto\\meta2\\bd_uc_proj\\python\\music_api.py', reloading
INFO:werkzeug: * Restarting with stat
INFO:logger:
---------------------------------------------------------------
API v1.1 online: http://localhost:8080/


WARNING:werkzeug: * Debugger is active!
INFO:werkzeug: * Debugger PIN: 139-544-939
INFO:logger:POST /dbproj/user
DEBUG:logger:POST /dbproj/user - payload: {'name': 'Luis', 'email': 'lucas@gmail.com', 'pass': 'luis123', 'role': 'admin'}
ERROR:logger:POST /dbproj/user - error: relation "administrador" does not exist
LINE 1: INSERT INTO Administrador (name, email, pass) VALUES ('Luis'...
                    ^

INFO:werkzeug:127.0.0.1 - - [14/May/2023 20:41:48] "POST /dbproj/user HTTP/1.1" 200 -
INFO:werkzeug: * Detected change in 'c:\\Users\\luka3\\Desktop\\UC\\Semestre 2\\BD\\Projeto\\meta2\\bd_uc_proj\\python\\music_api.py', reloading
INFO:werkzeug: * Restarting with stat
INFO:logger:
---------------------------------------------------------------
API v1.1 online: http://localhost:8080/


WARNING:werkzeug: * Debugger is active!
INFO:werkzeug: * Debugger PIN: 139-544-939
INFO:logger:POST /dbproj/user
DEBUG:logger:POST /dbproj/user - payload: {'name': 'Luis', 'email': 'lucas@gmail.com', 'pass': 'luis123', 'role': 'admin'}
ERROR:logger:POST /dbproj/user - error: column "name" of relation "administrator" does not exist
LINE 1: INSERT INTO administrator (name, email, pass) VALUES ('Luis'...
                                   ^

INFO:werkzeug:127.0.0.1 - - [14/May/2023 20:42:19] "POST /dbproj/user HTTP/1.1" 200 -
INFO:werkzeug: * Detected change in 'c:\\Users\\luka3\\Desktop\\UC\\Semestre 2\\BD\\Projeto\\meta2\\bd_uc_proj\\python\\music_api.py', reloading
INFO:werkzeug: * Restarting with stat
INFO:logger:
---------------------------------------------------------------
API v1.1 online: http://localhost:8080/


WARNING:werkzeug: * Debugger is active!
INFO:werkzeug: * Debugger PIN: 139-544-939
INFO:werkzeug: * Detected change in 'c:\\Users\\luka3\\Desktop\\UC\\Semestre 2\\BD\\Projeto\\meta2\\bd_uc_proj\\python\\music_api.py', reloading
INFO:werkzeug: * Restarting with stat
INFO:logger:
---------------------------------------------------------------
API v1.1 online: http://localhost:8080/


WARNING:werkzeug: * Debugger is active!
INFO:werkzeug: * Debugger PIN: 139-544-939
INFO:logger:POST /dbproj/user
DEBUG:logger:POST /dbproj/user - payload: {'name': 'Luis', 'email': 'lucas@gmail.com', 'pass': 'luis123', 'role': 'admin'}
INFO:werkzeug:127.0.0.1 - - [14/May/2023 20:44:28] "POST /dbproj/user HTTP/1.1" 200 -
INFO:logger:POST /dbproj/user
DEBUG:logger:POST /dbproj/user - payload: {'username': 'Luis', 'email': 'lucas@gmail.com', 'password_hash': 'luis123', 'role': 'admin'}
ERROR:logger:POST /dbproj/user - error: column "username" of relation "administrator" does not exist
LINE 1: INSERT INTO administrator (username, email, password_hash) V...
                                   ^

INFO:werkzeug:127.0.0.1 - - [14/May/2023 20:44:45] "POST /dbproj/user HTTP/1.1" 200 -
INFO:logger:POST /dbproj/user
DEBUG:logger:POST /dbproj/user - payload: {'username': 'Luis', 'email': 'lucas@gmail.com', 'password_hash': 'luis123', 'role': 'regular'}
INFO:werkzeug:127.0.0.1 - - [14/May/2023 20:45:53] "POST /dbproj/user HTTP/1.1" 200 -
INFO:logger:POST /dbproj/user
DEBUG:logger:POST /dbproj/user - payload: {'username': 'Luis', 'email': 'lucas@gmail.com', 'password_hash': 'luis123', 'role': 'admin'}
ERROR:logger:POST /dbproj/user - error: column "username" of relation "administrator" does not exist
LINE 1: INSERT INTO administrator (username, email, password_hash) V...
                                   ^

INFO:werkzeug:127.0.0.1 - - [14/May/2023 20:46:00] "POST /dbproj/user HTTP/1.1" 200 -
INFO:werkzeug: * Detected change in 'c:\\Users\\luka3\\Desktop\\UC\\Semestre 2\\BD\\Projeto\\meta2\\bd_uc_proj\\python\\music_api.py', reloading
INFO:werkzeug: * Restarting with stat
INFO:logger:
---------------------------------------------------------------
API v1.1 online: http://localhost:8080/


WARNING:werkzeug: * Debugger is active!
INFO:werkzeug: * Debugger PIN: 139-544-939
INFO:werkzeug: * Detected change in 'c:\\Users\\luka3\\Desktop\\UC\\Semestre 2\\BD\\Projeto\\meta2\\bd_uc_proj\\python\\music_api.py', reloading
INFO:werkzeug: * Restarting with stat
INFO:logger:
---------------------------------------------------------------
API v1.1 online: http://localhost:8080/


WARNING:werkzeug: * Debugger is active!
INFO:werkzeug: * Debugger PIN: 139-544-939
INFO:logger:POST /dbproj/user
DEBUG:logger:POST /dbproj/user - payload: {'username': 'Luis', 'email': 'lucas@gmail.com', 'password_hash': 'luis123', 'role': 'admin'}
ERROR:logger:POST /dbproj/user - error: syntax error at or near "AND"
LINE 1: ...'lucas@gmail.com', 'luis123')                     AND INSERT...
                                                             ^

INFO:werkzeug:127.0.0.1 - - [14/May/2023 20:55:47] "POST /dbproj/user HTTP/1.1" 200 -
INFO:werkzeug: * Detected change in 'c:\\Users\\luka3\\Desktop\\UC\\Semestre 2\\BD\\Projeto\\meta2\\bd_uc_proj\\python\\music_api.py', reloading
INFO:werkzeug: * Restarting with stat
INFO:logger:
---------------------------------------------------------------
API v1.1 online: http://localhost:8080/


WARNING:werkzeug: * Debugger is active!
INFO:werkzeug: * Debugger PIN: 139-544-939
INFO:logger:POST /dbproj/user
DEBUG:logger:POST /dbproj/user - payload: {'username': 'Luis', 'email': 'lucas@gmail.com', 'password_hash': 'luis123', 'role': 'admin'}
ERROR:logger:POST /dbproj/user - error: relation "admin" does not exist
LINE 1: ...com', 'luis123');                     INSERT INTO admin (id)...
                                                             ^

INFO:werkzeug:127.0.0.1 - - [14/May/2023 20:57:01] "POST /dbproj/user HTTP/1.1" 200 -
INFO:werkzeug: * Detected change in 'c:\\Users\\luka3\\Desktop\\UC\\Semestre 2\\BD\\Projeto\\meta2\\bd_uc_proj\\python\\music_api.py', reloading
INFO:werkzeug: * Restarting with stat
INFO:logger:
---------------------------------------------------------------
API v1.1 online: http://localhost:8080/


WARNING:werkzeug: * Debugger is active!
INFO:werkzeug: * Debugger PIN: 139-544-939
INFO:logger:POST /dbproj/user
DEBUG:logger:POST /dbproj/user - payload: {'username': 'Luis', 'email': 'lucas@gmail.com', 'password_hash': 'luis123', 'role': 'admin'}
ERROR:logger:POST /dbproj/user - error: relation "admin" does not exist
LINE 1: ...'Luis', 'lucas@gmail.com', 'luis123');INSERT INTO admin (id)...
                                                             ^

INFO:werkzeug:127.0.0.1 - - [14/May/2023 20:57:28] "POST /dbproj/user HTTP/1.1" 200 -
INFO:werkzeug: * Detected change in 'c:\\Users\\luka3\\Desktop\\UC\\Semestre 2\\BD\\Projeto\\meta2\\bd_uc_proj\\python\\music_api.py', reloading
INFO:werkzeug: * Restarting with stat
INFO:logger:
---------------------------------------------------------------
API v1.1 online: http://localhost:8080/


WARNING:werkzeug: * Debugger is active!
INFO:werkzeug: * Debugger PIN: 139-544-939
INFO:logger:POST /dbproj/user
DEBUG:logger:POST /dbproj/user - payload: {'username': 'Luis', 'email': 'lucas@gmail.com', 'password_hash': 'luis123', 'role': 'admin'}
ERROR:logger:POST /dbproj/user - error: syntax error at or near "INSERT"
LINE 1: ...sh) VALUES ('Luis', 'lucas@gmail.com', 'luis123') INSERT INT...
                                                             ^

INFO:werkzeug:127.0.0.1 - - [14/May/2023 20:57:43] "POST /dbproj/user HTTP/1.1" 200 -
INFO:werkzeug: * Detected change in 'c:\\Users\\luka3\\Desktop\\UC\\Semestre 2\\BD\\Projeto\\meta2\\bd_uc_proj\\python\\music_api.py', reloading
INFO:werkzeug: * Restarting with stat
INFO:logger:
---------------------------------------------------------------
API v1.1 online: http://localhost:8080/


WARNING:werkzeug: * Debugger is active!
INFO:werkzeug: * Debugger PIN: 139-544-939
INFO:logger:POST /dbproj/user
DEBUG:logger:POST /dbproj/user - payload: {'username': 'Luis', 'email': 'lucas@gmail.com', 'password_hash': 'luis123', 'role': 'admin'}
ERROR:logger:POST /dbproj/user - error: relation "admin" does not exist
LINE 1: INSERT INTO admin (account_id) VALUES (4)
                    ^

INFO:werkzeug:127.0.0.1 - - [14/May/2023 21:00:27] "POST /dbproj/user HTTP/1.1" 200 -
INFO:werkzeug: * Detected change in 'c:\\Users\\luka3\\Desktop\\UC\\Semestre 2\\BD\\Projeto\\meta2\\bd_uc_proj\\python\\music_api.py', reloading
INFO:werkzeug: * Restarting with stat
INFO:logger:
---------------------------------------------------------------
API v1.1 online: http://localhost:8080/


WARNING:werkzeug: * Debugger is active!
INFO:werkzeug: * Debugger PIN: 139-544-939
INFO:logger:POST /dbproj/user
DEBUG:logger:POST /dbproj/user - payload: {'username': 'Luis', 'email': 'lucas@gmail.com', 'password_hash': 'luis123', 'role': 'admin'}
INFO:werkzeug:127.0.0.1 - - [14/May/2023 21:00:44] "POST /dbproj/user HTTP/1.1" 200 -
INFO:logger:POST /dbproj/user
DEBUG:logger:POST /dbproj/user - payload: {'username': 'Luis', 'email': 'lucas@gmail.com', 'password_hash': 'luis123', 'role': 'admin'}
INFO:werkzeug:127.0.0.1 - - [14/May/2023 21:06:31] "POST /dbproj/user HTTP/1.1" 200 -
INFO:logger:POST /dbproj/user
DEBUG:logger:POST /dbproj/user - payload: {'username': 'Raul', 'email': 'lucas@gmail.com', 'password_hash': 'luis123', 'role': 'regular'}
INFO:werkzeug:127.0.0.1 - - [14/May/2023 21:07:51] "POST /dbproj/user HTTP/1.1" 200 -
INFO:werkzeug: * Detected change in 'c:\\Users\\luka3\\Desktop\\UC\\Semestre 2\\BD\\Projeto\\meta2\\bd_uc_proj\\python\\music_api.py', reloading
INFO:werkzeug: * Restarting with stat
INFO:logger:
---------------------------------------------------------------
API v1.1 online: http://localhost:8080/


WARNING:werkzeug: * Debugger is active!
INFO:werkzeug: * Debugger PIN: 139-544-939
INFO:werkzeug: * Detected change in 'c:\\Users\\luka3\\Desktop\\UC\\Semestre 2\\BD\\Projeto\\meta2\\bd_uc_proj\\python\\music_api.py', reloading
INFO:werkzeug: * Restarting with stat
INFO:logger:
---------------------------------------------------------------
API v1.1 online: http://localhost:8080/


WARNING:werkzeug: * Debugger is active!
INFO:werkzeug: * Debugger PIN: 139-544-939
INFO:werkzeug: * Detected change in 'c:\\Users\\luka3\\Desktop\\UC\\Semestre 2\\BD\\Projeto\\meta2\\bd_uc_proj\\python\\music_api.py', reloading
INFO:werkzeug: * Restarting with stat
INFO:logger:
---------------------------------------------------------------
API v1.1 online: http://localhost:8080/


WARNING:werkzeug: * Debugger is active!
INFO:werkzeug: * Debugger PIN: 139-544-939
INFO:werkzeug: * Detected change in 'c:\\Users\\luka3\\Desktop\\UC\\Semestre 2\\BD\\Projeto\\meta2\\bd_uc_proj\\python\\music_api.py', reloading
INFO:werkzeug: * Restarting with stat
INFO:logger:
---------------------------------------------------------------
API v1.1 online: http://localhost:8080/


WARNING:werkzeug: * Debugger is active!
INFO:werkzeug: * Debugger PIN: 139-544-939
INFO:werkzeug: * Detected change in 'c:\\Users\\luka3\\Desktop\\UC\\Semestre 2\\BD\\Projeto\\meta2\\bd_uc_proj\\python\\music_api.py', reloading
INFO:werkzeug: * Restarting with stat
INFO:logger:
---------------------------------------------------------------
API v1.1 online: http://localhost:8080/


WARNING:werkzeug: * Debugger is active!
INFO:werkzeug: * Debugger PIN: 139-544-939
INFO:logger:POST /dbproj/user
DEBUG:logger:POST /dbproj/user - payload: {'username': 'Edu', 'email': 'lucas@gmail.com', 'password_hash': 'edu123', 'role': 'regular'}
INFO:werkzeug:127.0.0.1 - - [14/May/2023 21:30:46] "POST /dbproj/user HTTP/1.1" 200 -
INFO:werkzeug: * Detected change in 'c:\\Users\\luka3\\Desktop\\UC\\Semestre 2\\BD\\Projeto\\meta2\\bd_uc_proj\\python\\music_api.py', reloading
INFO:werkzeug: * Restarting with stat
INFO:logger:
---------------------------------------------------------------
API v1.1 online: http://localhost:8080/


WARNING:werkzeug: * Debugger is active!
INFO:werkzeug: * Debugger PIN: 139-544-939
INFO:logger:POST /dbproj/user
DEBUG:logger:POST /dbproj/user - payload: {'username': 'joana', 'email': 'lucas@gmail.com', 'password_hash': 'jo123', 'role': 'regular'}
INFO:werkzeug:127.0.0.1 - - [14/May/2023 21:32:00] "POST /dbproj/user HTTP/1.1" 200 -
INFO:logger:PUT /dbproj/user
DEBUG:logger:PUT /dbproj/user - payload: {'username': 'joana', 'password_hash': 'jo123'}
ERROR:logger:PUT /dbproj/user - error: column "pass" does not exist
LINE 1: SELECT username,pass FROM account WHERE username = 'joana'
                        ^

INFO:werkzeug:127.0.0.1 - - [14/May/2023 21:35:46] "PUT /dbproj/user HTTP/1.1" 200 -
INFO:werkzeug: * Detected change in 'c:\\Users\\luka3\\Desktop\\UC\\Semestre 2\\BD\\Projeto\\meta2\\bd_uc_proj\\python\\music_api.py', reloading
INFO:werkzeug: * Restarting with stat
INFO:logger:
---------------------------------------------------------------
API v1.1 online: http://localhost:8080/


WARNING:werkzeug: * Debugger is active!
INFO:werkzeug: * Debugger PIN: 139-544-939
INFO:logger:PUT /dbproj/user
DEBUG:logger:PUT /dbproj/user - payload: {'username': 'joana', 'password_hash': 'jo123'}
ERROR:logger:PUT /dbproj/user - error: 'password'
INFO:werkzeug:127.0.0.1 - - [14/May/2023 21:36:00] "PUT /dbproj/user HTTP/1.1" 200 -
INFO:logger:PUT /dbproj/user
DEBUG:logger:PUT /dbproj/user - payload: {'username': 'joana', 'password_hash': 'jo123'}
ERROR:logger:PUT /dbproj/user - error: 'password'
INFO:werkzeug:127.0.0.1 - - [14/May/2023 21:36:04] "PUT /dbproj/user HTTP/1.1" 200 -
INFO:werkzeug: * Detected change in 'c:\\Users\\luka3\\Desktop\\UC\\Semestre 2\\BD\\Projeto\\meta2\\bd_uc_proj\\python\\music_api.py', reloading
INFO:werkzeug: * Restarting with stat
INFO:logger:
---------------------------------------------------------------
API v1.1 online: http://localhost:8080/


WARNING:werkzeug: * Debugger is active!
INFO:werkzeug: * Debugger PIN: 139-544-939
INFO:logger:PUT /dbproj/user
DEBUG:logger:PUT /dbproj/user - payload: {'username': 'joana', 'password_hash': 'jo123'}
INFO:werkzeug:127.0.0.1 - - [14/May/2023 21:36:59] "PUT /dbproj/user HTTP/1.1" 200 -
INFO:werkzeug: * Detected change in 'c:\\Users\\luka3\\Desktop\\UC\\Semestre 2\\BD\\Projeto\\meta2\\bd_uc_proj\\python\\music_api.py', reloading
INFO:werkzeug: * Restarting with stat
INFO:logger:
---------------------------------------------------------------
API v1.1 online: http://localhost:8080/


WARNING:werkzeug: * Debugger is active!
INFO:werkzeug: * Debugger PIN: 139-544-939
INFO:logger:PUT /dbproj/user
DEBUG:logger:PUT /dbproj/user - payload: {'username': 'joana', 'password_hash': 'jo123'}
INFO:werkzeug:127.0.0.1 - - [14/May/2023 21:41:19] "PUT /dbproj/user HTTP/1.1" 200 -
INFO:werkzeug: * Detected change in 'c:\\Users\\luka3\\Desktop\\UC\\Semestre 2\\BD\\Projeto\\meta2\\bd_uc_proj\\python\\music_api.py', reloading
INFO:werkzeug: * Restarting with stat
INFO:logger:
---------------------------------------------------------------
API v1.1 online: http://localhost:8080/


WARNING:werkzeug: * Debugger is active!
INFO:werkzeug: * Debugger PIN: 139-544-939
INFO:logger:PUT /dbproj/user
DEBUG:logger:PUT /dbproj/user - payload: {'username': 'joana', 'password_hash': 'jo123'}
INFO:werkzeug:127.0.0.1 - - [14/May/2023 21:41:42] "PUT /dbproj/user HTTP/1.1" 200 -
INFO:werkzeug: * Detected change in 'c:\\Users\\luka3\\Desktop\\UC\\Semestre 2\\BD\\Projeto\\meta2\\bd_uc_proj\\python\\music_api.py', reloading
INFO:werkzeug: * Restarting with stat
INFO:logger:
---------------------------------------------------------------
API v1.1 online: http://localhost:8080/


WARNING:werkzeug: * Debugger is active!
INFO:werkzeug: * Debugger PIN: 139-544-939
INFO:logger:PUT /dbproj/user
DEBUG:logger:PUT /dbproj/user - payload: {'username': 'joana', 'password_hash': 'jo123'}
INFO:werkzeug:127.0.0.1 - - [14/May/2023 21:42:11] "PUT /dbproj/user HTTP/1.1" 200 -
INFO:werkzeug: * Detected change in 'c:\\Users\\luka3\\Desktop\\UC\\Semestre 2\\BD\\Projeto\\meta2\\bd_uc_proj\\python\\music_api.py', reloading
INFO:werkzeug: * Restarting with stat
INFO:logger:
---------------------------------------------------------------
API v1.1 online: http://localhost:8080/


WARNING:werkzeug: * Debugger is active!
INFO:werkzeug: * Debugger PIN: 139-544-939
INFO:logger:PUT /dbproj/user
DEBUG:logger:PUT /dbproj/user - payload: {'username': 'joana', 'password_hash': 'jo123'}
INFO:werkzeug:127.0.0.1 - - [14/May/2023 21:42:32] "PUT /dbproj/user HTTP/1.1" 200 -
INFO:werkzeug: * Detected change in 'c:\\Users\\luka3\\Desktop\\UC\\Semestre 2\\BD\\Projeto\\meta2\\bd_uc_proj\\python\\music_api.py', reloading
INFO:werkzeug: * Restarting with stat
INFO:logger:
---------------------------------------------------------------
API v1.1 online: http://localhost:8080/


WARNING:werkzeug: * Debugger is active!
INFO:werkzeug: * Debugger PIN: 139-544-939
INFO:logger:PUT /dbproj/user
DEBUG:logger:PUT /dbproj/user - payload: {'username': 'joana', 'password_hash': 'jo123'}
INFO:werkzeug:127.0.0.1 - - [14/May/2023 21:44:13] "PUT /dbproj/user HTTP/1.1" 200 -
INFO:werkzeug: * Detected change in 'c:\\Users\\luka3\\Desktop\\UC\\Semestre 2\\BD\\Projeto\\meta2\\bd_uc_proj\\python\\music_api.py', reloading
INFO:werkzeug: * Restarting with stat
INFO:logger:
---------------------------------------------------------------
API v1.1 online: http://localhost:8080/


WARNING:werkzeug: * Debugger is active!
INFO:werkzeug: * Debugger PIN: 139-544-939
INFO:logger:PUT /dbproj/user
DEBUG:logger:PUT /dbproj/user - payload: {'username': 'joana', 'password_hash': 'jo123'}
INFO:werkzeug:127.0.0.1 - - [14/May/2023 21:45:11] "PUT /dbproj/user HTTP/1.1" 200 -
INFO:werkzeug: * Detected change in 'c:\\Users\\luka3\\Desktop\\UC\\Semestre 2\\BD\\Projeto\\meta2\\bd_uc_proj\\python\\music_api.py', reloading
INFO:werkzeug: * Restarting with stat
INFO:logger:
---------------------------------------------------------------
API v1.1 online: http://localhost:8080/


WARNING:werkzeug: * Debugger is active!
INFO:werkzeug: * Debugger PIN: 139-544-939
INFO:logger:PUT /dbproj/user
DEBUG:logger:PUT /dbproj/user - payload: {'username': 'joana', 'password_hash': 'jo123'}
INFO:werkzeug:127.0.0.1 - - [14/May/2023 21:45:33] "PUT /dbproj/user HTTP/1.1" 200 -
INFO:werkzeug: * Detected change in 'c:\\Users\\luka3\\Desktop\\UC\\Semestre 2\\BD\\Projeto\\meta2\\bd_uc_proj\\python\\music_api.py', reloading
INFO:werkzeug: * Restarting with stat
INFO:logger:
---------------------------------------------------------------
API v1.1 online: http://localhost:8080/


WARNING:werkzeug: * Debugger is active!
INFO:werkzeug: * Debugger PIN: 139-544-939
INFO:logger:PUT /dbproj/user
DEBUG:logger:PUT /dbproj/user - payload: {'username': 'joana', 'password_hash': 'jo123'}
INFO:werkzeug:127.0.0.1 - - [14/May/2023 21:45:56] "PUT /dbproj/user HTTP/1.1" 200 -
INFO:werkzeug: * Detected change in 'c:\\Users\\luka3\\Desktop\\UC\\Semestre 2\\BD\\Projeto\\meta2\\bd_uc_proj\\python\\music_api.py', reloading
INFO:werkzeug: * Restarting with stat
INFO:logger:
---------------------------------------------------------------
API v1.1 online: http://localhost:8080/


WARNING:werkzeug: * Debugger is active!
INFO:werkzeug: * Debugger PIN: 139-544-939
INFO:werkzeug: * Detected change in 'c:\\Users\\luka3\\Desktop\\UC\\Semestre 2\\BD\\Projeto\\meta2\\bd_uc_proj\\python\\music_api.py', reloading
INFO:werkzeug: * Restarting with stat
INFO:logger:
---------------------------------------------------------------
API v1.1 online: http://localhost:8080/


WARNING:werkzeug: * Debugger is active!
INFO:werkzeug: * Debugger PIN: 139-544-939
INFO:logger:PUT /dbproj/user
DEBUG:logger:PUT /dbproj/user - payload: {'username': 'joana', 'password_hash': 'jo123'}
INFO:werkzeug:127.0.0.1 - - [14/May/2023 21:46:15] "PUT /dbproj/user HTTP/1.1" 200 -
INFO:werkzeug: * Detected change in 'c:\\Users\\luka3\\Desktop\\UC\\Semestre 2\\BD\\Projeto\\meta2\\bd_uc_proj\\python\\music_api.py', reloading
INFO:werkzeug: * Restarting with stat
INFO:logger:
---------------------------------------------------------------
API v1.1 online: http://localhost:8080/


WARNING:werkzeug: * Debugger is active!
INFO:werkzeug: * Debugger PIN: 139-544-939
INFO:logger:PUT /dbproj/user
DEBUG:logger:PUT /dbproj/user - payload: {'username': 'joana', 'password_hash': 'jo123'}
INFO:werkzeug:127.0.0.1 - - [14/May/2023 21:47:28] "PUT /dbproj/user HTTP/1.1" 200 -
INFO:werkzeug: * Detected change in 'c:\\Users\\luka3\\Desktop\\UC\\Semestre 2\\BD\\Projeto\\meta2\\bd_uc_proj\\python\\music_api.py', reloading
INFO:werkzeug: * Restarting with stat
INFO:logger:
---------------------------------------------------------------
API v1.1 online: http://localhost:8080/


WARNING:werkzeug: * Debugger is active!
INFO:werkzeug: * Debugger PIN: 139-544-939
INFO:logger:PUT /dbproj/user
DEBUG:logger:PUT /dbproj/user - payload: {'username': 'joana', 'password_hash': 'jo123'}
INFO:werkzeug:127.0.0.1 - - [14/May/2023 21:47:41] "PUT /dbproj/user HTTP/1.1" 200 -
INFO:werkzeug: * Detected change in 'c:\\Users\\luka3\\Desktop\\UC\\Semestre 2\\BD\\Projeto\\meta2\\bd_uc_proj\\python\\music_api.py', reloading
INFO:werkzeug: * Restarting with stat
INFO:logger:
---------------------------------------------------------------
API v1.1 online: http://localhost:8080/


WARNING:werkzeug: * Debugger is active!
INFO:werkzeug: * Debugger PIN: 139-544-939
INFO:logger:PUT /dbproj/user
DEBUG:logger:PUT /dbproj/user - payload: {'username': 'joana', 'password_hash': 'jo123'}
INFO:werkzeug:127.0.0.1 - - [14/May/2023 21:48:13] "PUT /dbproj/user HTTP/1.1" 200 -
INFO:logger:PUT /dbproj/user
DEBUG:logger:PUT /dbproj/user - payload: {'username': 'joana', 'password_hash': 'jo123'}
INFO:werkzeug:127.0.0.1 - - [14/May/2023 21:49:32] "PUT /dbproj/user HTTP/1.1" 200 -
INFO:werkzeug: * Detected change in 'c:\\Users\\luka3\\Desktop\\UC\\Semestre 2\\BD\\Projeto\\meta2\\bd_uc_proj\\python\\music_api.py', reloading
INFO:werkzeug: * Restarting with stat
INFO:logger:
---------------------------------------------------------------
API v1.1 online: http://localhost:8080/


WARNING:werkzeug: * Debugger is active!
INFO:werkzeug: * Debugger PIN: 139-544-939
INFO:logger:PUT /dbproj/user
DEBUG:logger:PUT /dbproj/user - payload: {'username': 'joana', 'password_hash': 'jo123'}
INFO:werkzeug:127.0.0.1 - - [14/May/2023 21:50:00] "PUT /dbproj/user HTTP/1.1" 200 -
INFO:werkzeug: * Detected change in 'c:\\Users\\luka3\\Desktop\\UC\\Semestre 2\\BD\\Projeto\\meta2\\bd_uc_proj\\python\\music_api.py', reloading
INFO:werkzeug: * Restarting with stat
INFO:logger:
---------------------------------------------------------------
API v1.1 online: http://localhost:8080/


WARNING:werkzeug: * Debugger is active!
INFO:werkzeug: * Debugger PIN: 139-544-939
INFO:werkzeug: * Detected change in 'c:\\Users\\luka3\\Desktop\\UC\\Semestre 2\\BD\\Projeto\\meta2\\bd_uc_proj\\python\\music_api.py', reloading
INFO:werkzeug: * Restarting with stat
INFO:logger:
---------------------------------------------------------------
API v1.1 online: http://localhost:8080/


WARNING:werkzeug: * Debugger is active!
INFO:werkzeug: * Debugger PIN: 139-544-939
INFO:logger:PUT /dbproj/user
DEBUG:logger:PUT /dbproj/user - payload: {'username': 'joana', 'password_hash': 'jo123'}
INFO:werkzeug:127.0.0.1 - - [14/May/2023 21:51:10] "PUT /dbproj/user HTTP/1.1" 200 -
INFO:werkzeug: * Detected change in 'c:\\Users\\luka3\\Desktop\\UC\\Semestre 2\\BD\\Projeto\\meta2\\bd_uc_proj\\python\\music_api.py', reloading
INFO:werkzeug: * Restarting with stat
INFO:logger:
---------------------------------------------------------------
API v1.1 online: http://localhost:8080/


WARNING:werkzeug: * Debugger is active!
INFO:werkzeug: * Debugger PIN: 139-544-939
INFO:logger:PUT /dbproj/user
DEBUG:logger:PUT /dbproj/user - payload: {'username': 'joana', 'password_hash': 'jo123'}
ERROR:logger:PUT /dbproj/user - error: module 'jwt' has no attribute 'encode'
INFO:werkzeug:127.0.0.1 - - [14/May/2023 21:53:16] "PUT /dbproj/user HTTP/1.1" 200 -
INFO:werkzeug: * Detected change in 'c:\\Users\\luka3\\Desktop\\UC\\Semestre 2\\BD\\Projeto\\meta2\\bd_uc_proj\\python\\music_api.py', reloading
INFO:werkzeug: * Restarting with stat
INFO:logger:
---------------------------------------------------------------
API v1.1 online: http://localhost:8080/


WARNING:werkzeug: * Debugger is active!
INFO:werkzeug: * Debugger PIN: 139-544-939
INFO:werkzeug: * Detected change in 'C:\\Users\\luka3\\AppData\\Local\\Packages\\PythonSoftwareFoundation.Python.3.10_qbz5n2kfra8p0\\LocalCache\\local-packages\\Python310\\site-packages\\jwt\\__init__.py', reloading
INFO:werkzeug: * Restarting with stat
INFO:logger:
---------------------------------------------------------------
API v1.1 online: http://localhost:8080/


WARNING:werkzeug: * Debugger is active!
INFO:werkzeug: * Debugger PIN: 139-544-939
INFO:logger:
---------------------------------------------------------------
API v1.1 online: http://localhost:8080/


INFO:werkzeug:[31m[1mWARNING: This is a development server. Do not use it in a production deployment. Use a production WSGI server instead.[0m
 * Running on http://127.0.0.1:8080
INFO:werkzeug:[33mPress CTRL+C to quit[0m
INFO:werkzeug: * Restarting with stat
INFO:logger:
---------------------------------------------------------------
API v1.1 online: http://localhost:8080/


WARNING:werkzeug: * Debugger is active!
INFO:werkzeug: * Debugger PIN: 139-544-939
INFO:logger:PUT /dbproj/user
DEBUG:logger:PUT /dbproj/user - payload: {'username': 'joana', 'password_hash': 'jo123'}
ERROR:logger:PUT /dbproj/user - error: tuple index out of range
INFO:werkzeug:127.0.0.1 - - [14/May/2023 21:58:46] "PUT /dbproj/user HTTP/1.1" 200 -
INFO:werkzeug: * Detected change in 'c:\\Users\\luka3\\Desktop\\UC\\Semestre 2\\BD\\Projeto\\meta2\\bd_uc_proj\\python\\music_api.py', reloading
INFO:werkzeug: * Restarting with stat
INFO:logger:
---------------------------------------------------------------
API v1.1 online: http://localhost:8080/


WARNING:werkzeug: * Debugger is active!
INFO:werkzeug: * Debugger PIN: 139-544-939
INFO:logger:PUT /dbproj/user
DEBUG:logger:PUT /dbproj/user - payload: {'username': 'joana', 'password_hash': 'jo123'}
ERROR:logger:PUT /dbproj/user - error: 'str' object has no attribute 'decode'
INFO:werkzeug:127.0.0.1 - - [14/May/2023 22:22:51] "PUT /dbproj/user HTTP/1.1" 200 -
INFO:werkzeug: * Detected change in 'c:\\Users\\luka3\\Desktop\\UC\\Semestre 2\\BD\\Projeto\\meta2\\bd_uc_proj\\python\\music_api.py', reloading
INFO:werkzeug: * Restarting with stat
INFO:logger:
---------------------------------------------------------------
API v1.1 online: http://localhost:8080/


WARNING:werkzeug: * Debugger is active!
INFO:werkzeug: * Debugger PIN: 139-544-939
INFO:logger:PUT /dbproj/user
DEBUG:logger:PUT /dbproj/user - payload: {'username': 'joana', 'password_hash': 'jo123'}
ERROR:logger:PUT /dbproj/user - error: 'str' object has no attribute 'decode'
INFO:werkzeug:127.0.0.1 - - [14/May/2023 22:23:32] "PUT /dbproj/user HTTP/1.1" 200 -
INFO:werkzeug: * Detected change in 'c:\\Users\\luka3\\Desktop\\UC\\Semestre 2\\BD\\Projeto\\meta2\\bd_uc_proj\\python\\music_api.py', reloading
INFO:werkzeug: * Restarting with stat
INFO:logger:
---------------------------------------------------------------
API v1.1 online: http://localhost:8080/


WARNING:werkzeug: * Debugger is active!
INFO:werkzeug: * Debugger PIN: 139-544-939
INFO:werkzeug: * Detected change in 'c:\\Users\\luka3\\Desktop\\UC\\Semestre 2\\BD\\Projeto\\meta2\\bd_uc_proj\\python\\music_api.py', reloading
INFO:werkzeug: * Restarting with stat
INFO:logger:
---------------------------------------------------------------
API v1.1 online: http://localhost:8080/


WARNING:werkzeug: * Debugger is active!
INFO:werkzeug: * Debugger PIN: 139-544-939
INFO:werkzeug: * Detected change in 'c:\\Users\\luka3\\Desktop\\UC\\Semestre 2\\BD\\Projeto\\meta2\\bd_uc_proj\\python\\music_api.py', reloading
INFO:werkzeug: * Restarting with stat
INFO:logger:
---------------------------------------------------------------
API v1.1 online: http://localhost:8080/


WARNING:werkzeug: * Debugger is active!
INFO:werkzeug: * Debugger PIN: 139-544-939
INFO:logger:PUT /dbproj/user
DEBUG:logger:PUT /dbproj/user - payload: {'username': 'joana', 'password_hash': 'jo123'}
ERROR:logger:PUT /dbproj/user - error: 'str' object has no attribute 'decode'
INFO:werkzeug:127.0.0.1 - - [14/May/2023 22:23:59] "PUT /dbproj/user HTTP/1.1" 200 -
INFO:werkzeug: * Detected change in 'c:\\Users\\luka3\\Desktop\\UC\\Semestre 2\\BD\\Projeto\\meta2\\bd_uc_proj\\python\\music_api.py', reloading
INFO:werkzeug: * Restarting with stat
INFO:logger:
---------------------------------------------------------------
API v1.1 online: http://localhost:8080/


INFO:werkzeug:[31m[1mWARNING: This is a development server. Do not use it in a production deployment. Use a production WSGI server instead.[0m
 * Running on http://127.0.0.1:8080
INFO:werkzeug:[33mPress CTRL+C to quit[0m
INFO:werkzeug: * Restarting with stat
INFO:logger:
---------------------------------------------------------------
API v1.1 online: http://localhost:8080/


WARNING:werkzeug: * Debugger is active!
INFO:werkzeug: * Debugger PIN: 139-544-939
INFO:logger:PUT /dbproj/user
DEBUG:logger:PUT /dbproj/user - payload: {'username': 'joana', 'password_hash': 'jo123'}
INFO:werkzeug:127.0.0.1 - - [14/May/2023 22:27:33] "PUT /dbproj/user HTTP/1.1" 200 -
INFO:werkzeug: * Detected change in 'c:\\Users\\luka3\\Desktop\\UC\\Semestre 2\\BD\\Projeto\\meta2\\bd_uc_proj\\python\\music_api.py', reloading
INFO:werkzeug: * Restarting with stat
INFO:logger:
---------------------------------------------------------------
API v1.1 online: http://localhost:8080/


WARNING:werkzeug: * Debugger is active!
INFO:werkzeug: * Debugger PIN: 139-544-939
INFO:werkzeug: * Detected change in 'c:\\Users\\luka3\\Desktop\\UC\\Semestre 2\\BD\\Projeto\\meta2\\bd_uc_proj\\python\\music_api.py', reloading
INFO:werkzeug: * Restarting with stat
INFO:logger:
---------------------------------------------------------------
API v1.1 online: http://localhost:8080/


WARNING:werkzeug: * Debugger is active!
INFO:werkzeug: * Debugger PIN: 139-544-939
INFO:werkzeug: * Detected change in 'c:\\Users\\luka3\\Desktop\\UC\\Semestre 2\\BD\\Projeto\\meta2\\bd_uc_proj\\python\\music_api.py', reloading
INFO:werkzeug: * Restarting with stat
INFO:logger:
---------------------------------------------------------------
API v1.1 online: http://localhost:8080/


WARNING:werkzeug: * Debugger is active!
INFO:werkzeug: * Debugger PIN: 139-544-939
INFO:werkzeug: * Detected change in 'c:\\Users\\luka3\\Desktop\\UC\\Semestre 2\\BD\\Projeto\\meta2\\bd_uc_proj\\python\\music_api.py', reloading
INFO:werkzeug: * Restarting with stat
